<?xml version="1.0" encoding="utf-8" standalone="no"?>
<test-run id="2" testcasecount="2" result="Passed" total="2" passed="2" failed="0" inconclusive="0" skipped="0" asserts="2" engine-version="3.4.0.0" clr-version="4.0.30319.42000" start-time="2016-12-03 02:59:50Z" end-time="2016-12-03 02:59:53Z" duration="3.581103">
  <command-line><![CDATA["C:/Github/OctoPosh/Octoposh/tools/NUnit.ConsoleRunner/tools/nunit3-console.exe" "C:/Github/OctoPosh/Octoposh/Octoposh.Tests/bin/Release/Octoposh.Tests.dll"]]></command-line>
  <test-suite type="Assembly" id="0-1003" name="Octoposh.Tests.dll" fullname="C:\Github\OctoPosh\Octoposh\Octoposh.Tests\bin\Release\Octoposh.Tests.dll" runstate="Runnable" testcasecount="2" result="Passed" start-time="2016-12-03 02:59:50Z" end-time="2016-12-03 02:59:53Z" duration="3.492261" total="2" passed="2" failed="0" inconclusive="0" skipped="0" asserts="2">
    <environment framework-version="3.5.0.0" clr-version="4.0.30319.42000" os-version="Microsoft Windows NT 6.3.9600.0" platform="Win32NT" cwd="C:\Github\OctoPosh\Octoposh" machine-name="DEVBOX" user="dalmiro.granias" user-domain="NY" culture="en-US" uiculture="en-US" os-architecture="x64" />
    <settings>
      <setting name="WorkDirectory" value="C:\Github\OctoPosh\Octoposh" />
      <setting name="ImageRuntimeVersion" value="4.0.30319" />
      <setting name="ImageTargetFrameworkName" value=".NETFramework,Version=v4.5.2" />
      <setting name="ImageRequiresX86" value="False" />
      <setting name="ImageRequiresDefaultAppDomainAssemblyResolver" value="False" />
      <setting name="NumberOfTestWorkers" value="2" />
    </settings>
    <properties>
      <property name="_PID" value="7484" />
      <property name="_APPDOMAIN" value="test-domain-" />
    </properties>
    <test-suite type="TestSuite" id="0-1004" name="Octoposh" fullname="Octoposh" runstate="Runnable" testcasecount="2" result="Passed" start-time="2016-12-03 02:59:50Z" end-time="2016-12-03 02:59:53Z" duration="3.444938" total="2" passed="2" failed="0" inconclusive="0" skipped="0" asserts="2">
      <test-suite type="TestSuite" id="0-1005" name="Tests" fullname="Octoposh.Tests" runstate="Runnable" testcasecount="2" result="Passed" start-time="2016-12-03 02:59:50Z" end-time="2016-12-03 02:59:53Z" duration="3.434704" total="2" passed="2" failed="0" inconclusive="0" skipped="0" asserts="2">
        <test-suite type="TestFixture" id="0-1000" name="GetOctopusMachineTests" fullname="Octoposh.Tests.GetOctopusMachineTests" classname="Octoposh.Tests.GetOctopusMachineTests" runstate="Runnable" testcasecount="2" result="Passed" start-time="2016-12-03 02:59:50Z" end-time="2016-12-03 02:59:53Z" duration="3.427473" total="2" passed="2" failed="0" inconclusive="0" skipped="0" asserts="2">
          <test-case id="0-1002" name="GetMachineByMultipleNames" fullname="Octoposh.Tests.GetOctopusMachineTests.GetMachineByMultipleNames" methodname="GetMachineByMultipleNames" classname="Octoposh.Tests.GetOctopusMachineTests" runstate="Runnable" seed="1956659826" result="Passed" start-time="2016-12-03 02:59:50Z" end-time="2016-12-03 02:59:53Z" duration="3.166865" asserts="1">
            <output><![CDATA[Items Found:
North
South
]]></output>
          </test-case>
          <test-case id="0-1001" name="GetMachineBySingleName" fullname="Octoposh.Tests.GetOctopusMachineTests.GetMachineBySingleName" methodname="GetMachineBySingleName" classname="Octoposh.Tests.GetOctopusMachineTests" runstate="Runnable" seed="2031415682" result="Passed" start-time="2016-12-03 02:59:53Z" end-time="2016-12-03 02:59:53Z" duration="0.238020" asserts="1">
            <output><![CDATA[Items Found:
North
]]></output>
          </test-case>
        </test-suite>
      </test-suite>
    </test-suite>
  </test-suite>
</test-run>